<?xml version="1.0" encoding="UTF-8"?>
<!-- Generated by org.testng.reporters.JUnitReportReporter -->
<testsuite skipped="0" hostname="LAPTOP-ENTKVJIU" name="Data.Demo1" tests="2" failures="0" timestamp="28 Apr 2018 14:31:18 GMT" time="0.015" errors="0">
  <testcase name="test" time="0.015" classname="Data.Demo1"/>
  <testcase name="test1" time="0.000" classname="Data.Demo1"/>
</testsuite> <!-- Data.Demo1 -->
